# JRE version: Java(TM) SE Runtime Environment (8.0_161-b12) (build 1.8.0_161-b12)
# Java VM: Java HotSpot(TM) 64-Bit Server VM (25.161-b12 mixed mode bsd-amd64 compressed oops)
Heap:
 par new generation   total 613440K, used 263627K [0x0000000640000000, 0x0000000669990000, 0x0000000669990000)
  eden space 545344K,  38% used [0x0000000640000000, 0x000000064cee3830, 0x0000000661490000)
  from space 68096K,  76% used [0x0000000661490000, 0x000000066471f698, 0x0000000665710000)
  to   space 68096K,   0% used [0x0000000665710000, 0x0000000665710000, 0x0000000669990000)
 concurrent mark-sweep generation total 510460K, used 249084K [0x0000000669990000, 0x0000000688c0f000, 0x00000007c0000000)
 Metaspace       used 507372K, capacity 572967K, committed 573272K, reserved 1554432K
  class space    used 64561K, capacity 68313K, committed 68436K, reserved 1048576K
GC Heap History (10 events):
Event: 3327.091 GC heap before
{Heap before GC invocations=35 (full 14):
 par new generation   total 613440K, used 1286K [0x0000000640000000, 0x0000000669990000, 0x0000000669990000)
  eden space 545344K,   0% used [0x0000000640000000, 0x0000000640141868, 0x0000000661490000)
  from space 68096K,   0% used [0x0000000661490000, 0x0000000661490000, 0x0000000665710000)
  to   space 68096K,   0% used [0x0000000665710000, 0x0000000665710000, 0x0000000669990000)
 concurrent mark-sweep generation total 510460K, used 271073K [0x0000000669990000, 0x0000000688c0f000, 0x00000007c0000000)
 Metaspace       used 477426K, capacity 539197K, committed 539992K, reserved 1525760K
  class space    used 61062K, capacity 64383K, committed 64596K, reserved 1048576K
Event: 3328.759 GC heap after
Heap after GC invocations=36 (full 15):
 par new generation   total 613440K, used 0K [0x0000000640000000, 0x0000000669990000, 0x0000000669990000)
  eden space 545344K,   0% used [0x0000000640000000, 0x0000000640000000, 0x0000000661490000)
  from space 68096K,   0% used [0x0000000661490000, 0x0000000661490000, 0x0000000665710000)
  to   space 68096K,   0% used [0x0000000665710000, 0x0000000665710000, 0x0000000669990000)
 concurrent mark-sweep generation total 510460K, used 251215K [0x0000000669990000, 0x0000000688c0f000, 0x00000007c0000000)
 Metaspace       used 477426K, capacity 539197K, committed 539992K, reserved 1525760K
  class space    used 61062K, capacity 64383K, committed 64596K, reserved 1048576K
}
Event: 8568.783 GC heap before
{Heap before GC invocations=36 (full 15):
 par new generation   total 613440K, used 57833K [0x0000000640000000, 0x0000000669990000, 0x0000000669990000)
  eden space 545344K,  10% used [0x0000000640000000, 0x000000064387a5b0, 0x0000000661490000)
  from space 68096K,   0% used [0x0000000661490000, 0x0000000661490000, 0x0000000665710000)
  to   space 68096K,   0% used [0x0000000665710000, 0x0000000665710000, 0x0000000669990000)
 concurrent mark-sweep generation total 510460K, used 251215K [0x0000000669990000, 0x0000000688c0f000, 0x00000007c0000000)
 Metaspace       used 477426K, capacity 539197K, committed 539992K, reserved 1525760K
  class space    used 61062K, capacity 64383K, committed 64596K, reserved 1048576K
Event: 8571.490 GC heap after
Heap after GC invocations=37 (full 16):
 par new generation   total 613440K, used 0K [0x0000000640000000, 0x0000000669990000, 0x0000000669990000)
  eden space 545344K,   0% used [0x0000000640000000, 0x0000000640000000, 0x0000000661490000)
  from space 68096K,   0% used [0x0000000661490000, 0x0000000661490000, 0x0000000665710000)
  to   space 68096K,   0% used [0x0000000665710000, 0x0000000665710000, 0x0000000669990000)
 concurrent mark-sweep generation total 510460K, used 251347K [0x0000000669990000, 0x0000000688c0f000, 0x00000007c0000000)
 Metaspace       used 477426K, capacity 539197K, committed 539992K, reserved 1525760K
  class space    used 61062K, capacity 64383K, committed 64596K, reserved 1048576K
}
Event: 8571.490 GC heap before
{Heap before GC invocations=37 (full 16):
 par new generation   total 613440K, used 692K [0x0000000640000000, 0x0000000669990000, 0x0000000669990000)
  eden space 545344K,   0% used [0x0000000640000000, 0x00000006400ad050, 0x0000000661490000)
  from space 68096K,   0% used [0x0000000661490000, 0x0000000661490000, 0x0000000665710000)
  to   space 68096K,   0% used [0x0000000665710000, 0x0000000665710000, 0x0000000669990000)
 concurrent mark-sweep generation total 510460K, used 251347K [0x0000000669990000, 0x0000000688c0f000, 0x00000007c0000000)
 Metaspace       used 477426K, capacity 539197K, committed 539992K, reserved 1525760K
  class space    used 61062K, capacity 64383K, committed 64596K, reserved 1048576K
Event: 8572.441 GC heap after
Heap after GC invocations=38 (full 17):
 par new generation   total 613440K, used 0K [0x0000000640000000, 0x0000000669990000, 0x0000000669990000)
  eden space 545344K,   0% used [0x0000000640000000, 0x0000000640000000, 0x0000000661490000)
  from space 68096K,   0% used [0x0000000661490000, 0x0000000661490000, 0x0000000665710000)
  to   space 68096K,   0% used [0x0000000665710000, 0x0000000665710000, 0x0000000669990000)
 concurrent mark-sweep generation total 510460K, used 239269K [0x0000000669990000, 0x0000000688c0f000, 0x00000007c0000000)
 Metaspace       used 477338K, capacity 539031K, committed 539992K, reserved 1525760K
  class space    used 61044K, capacity 64350K, committed 64596K, reserved 1048576K
}
Event: 8590.477 GC heap before
{Heap before GC invocations=38 (full 17):
 par new generation   total 613440K, used 545344K [0x0000000640000000, 0x0000000669990000, 0x0000000669990000)
  eden space 545344K, 100% used [0x0000000640000000, 0x0000000661490000, 0x0000000661490000)
  from space 68096K,   0% used [0x0000000661490000, 0x0000000661490000, 0x0000000665710000)
  to   space 68096K,   0% used [0x0000000665710000, 0x0000000665710000, 0x0000000669990000)
 concurrent mark-sweep generation total 510460K, used 239269K [0x0000000669990000, 0x0000000688c0f000, 0x00000007c0000000)
 Metaspace       used 478259K, capacity 540361K, committed 540888K, reserved 1525760K
  class space    used 61142K, capacity 64565K, committed 64724K, reserved 1048576K
Event: 8590.630 GC heap after
Heap after GC invocations=39 (full 17):
 par new generation   total 613440K, used 54524K [0x0000000640000000, 0x0000000669990000, 0x0000000669990000)
  eden space 545344K,   0% used [0x0000000640000000, 0x0000000640000000, 0x0000000661490000)
  from space 68096K,  80% used [0x0000000665710000, 0x0000000668c4f1b0, 0x0000000669990000)
  to   space 68096K,   0% used [0x0000000661490000, 0x0000000661490000, 0x0000000665710000)
 concurrent mark-sweep generation total 510460K, used 239269K [0x0000000669990000, 0x0000000688c0f000, 0x00000007c0000000)
 Metaspace       used 478259K, capacity 540361K, committed 540888K, reserved 1525760K
  class space    used 61142K, capacity 64565K, committed 64724K, reserved 1048576K
}
Event: 8650.746 GC heap before
{Heap before GC invocations=39 (full 17):
 par new generation   total 613440K, used 599868K [0x0000000640000000, 0x0000000669990000, 0x0000000669990000)
  eden space 545344K, 100% used [0x0000000640000000, 0x0000000661490000, 0x0000000661490000)
  from space 68096K,  80% used [0x0000000665710000, 0x0000000668c4f1b0, 0x0000000669990000)
  to   space 68096K,   0% used [0x0000000661490000, 0x0000000661490000, 0x0000000665710000)
 concurrent mark-sweep generation total 510460K, used 239269K [0x0000000669990000, 0x0000000688c0f000, 0x00000007c0000000)
 Metaspace       used 493220K, capacity 556301K, committed 556632K, reserved 1540096K
  class space    used 62717K, capacity 66273K, committed 66388K, reserved 1048576K
Event: 8650.821 GC heap after
Heap after GC invocations=40 (full 17):
 par new generation   total 613440K, used 51773K [0x0000000640000000, 0x0000000669990000, 0x0000000669990000)
  eden space 545344K,   0% used [0x0000000640000000, 0x0000000640000000, 0x0000000661490000)
  from space 68096K,  76% used [0x0000000661490000, 0x000000066471f698, 0x0000000665710000)
  to   space 68096K,   0% used [0x0000000665710000, 0x0000000665710000, 0x0000000669990000)
 concurrent mark-sweep generation total 510460K, used 249084K [0x0000000669990000, 0x0000000688c0f000, 0x00000007c0000000)
 Metaspace       used 493220K, capacity 556301K, committed 556632K, reserved 1540096K
  class space    used 62717K, capacity 66273K, committed 66388K, reserved 1048576K
}

